[32m2025-06-25 18:32:31 -0400[0m - dagster - [34mDEBUG[0m - __ASSET_JOB - 6936a947-01a9-4f01-9b8d-badadee29a10 - 85822 - LOGS_CAPTURED - Started capturing logs in process (pid: 85822).
[32m2025-06-25 18:32:31 -0400[0m - dagster - [34mDEBUG[0m - __ASSET_JOB - 6936a947-01a9-4f01-9b8d-badadee29a10 - 85822 - raw_violations_daily - STEP_START - Started execution of step "raw_violations_daily".
[32m2025-06-25 18:32:31 -0400[0m - dagster - [34mINFO[0m - __ASSET_JOB - 6936a947-01a9-4f01-9b8d-badadee29a10 - raw_violations_daily - Starting search for missing daily file from 2025-04-25 up to 2025-05-25.
[32m2025-06-25 18:32:31 -0400[0m - dagster - [34mINFO[0m - __ASSET_JOB - 6936a947-01a9-4f01-9b8d-badadee29a10 - raw_violations_daily - Data for 2025-04-25 already exists. Checking next day.
[32m2025-06-25 18:32:31 -0400[0m - dagster - [34mINFO[0m - __ASSET_JOB - 6936a947-01a9-4f01-9b8d-badadee29a10 - raw_violations_daily - Data for 2025-04-26 already exists. Checking next day.
[32m2025-06-25 18:32:31 -0400[0m - dagster - [34mINFO[0m - __ASSET_JOB - 6936a947-01a9-4f01-9b8d-badadee29a10 - raw_violations_daily - Data for 2025-04-27 already exists. Checking next day.
[32m2025-06-25 18:32:31 -0400[0m - dagster - [34mINFO[0m - __ASSET_JOB - 6936a947-01a9-4f01-9b8d-badadee29a10 - raw_violations_daily - Data for 2025-04-28 already exists. Checking next day.
[32m2025-06-25 18:32:31 -0400[0m - dagster - [34mINFO[0m - __ASSET_JOB - 6936a947-01a9-4f01-9b8d-badadee29a10 - raw_violations_daily - Data for 2025-04-29 already exists. Checking next day.
[32m2025-06-25 18:32:31 -0400[0m - dagster - [34mINFO[0m - __ASSET_JOB - 6936a947-01a9-4f01-9b8d-badadee29a10 - raw_violations_daily - Data for 2025-04-30 already exists. Checking next day.
[32m2025-06-25 18:32:31 -0400[0m - dagster - [34mINFO[0m - __ASSET_JOB - 6936a947-01a9-4f01-9b8d-badadee29a10 - raw_violations_daily - Data for 2025-05-01 already exists. Checking next day.
[32m2025-06-25 18:32:31 -0400[0m - dagster - [34mINFO[0m - __ASSET_JOB - 6936a947-01a9-4f01-9b8d-badadee29a10 - raw_violations_daily - Data for 2025-05-02 already exists. Checking next day.
[32m2025-06-25 18:32:31 -0400[0m - dagster - [34mINFO[0m - __ASSET_JOB - 6936a947-01a9-4f01-9b8d-badadee29a10 - raw_violations_daily - Data for 2025-05-03 already exists. Checking next day.
[32m2025-06-25 18:32:31 -0400[0m - dagster - [34mINFO[0m - __ASSET_JOB - 6936a947-01a9-4f01-9b8d-badadee29a10 - raw_violations_daily - Data for 2025-05-04 already exists. Checking next day.
[32m2025-06-25 18:32:31 -0400[0m - dagster - [34mINFO[0m - __ASSET_JOB - 6936a947-01a9-4f01-9b8d-badadee29a10 - raw_violations_daily - Data for 2025-05-05 already exists. Checking next day.
[32m2025-06-25 18:32:31 -0400[0m - dagster - [34mINFO[0m - __ASSET_JOB - 6936a947-01a9-4f01-9b8d-badadee29a10 - raw_violations_daily - Data for 2025-05-06 already exists. Checking next day.
[32m2025-06-25 18:32:31 -0400[0m - dagster - [34mINFO[0m - __ASSET_JOB - 6936a947-01a9-4f01-9b8d-badadee29a10 - raw_violations_daily - Data for 2025-05-07 already exists. Checking next day.
[32m2025-06-25 18:32:31 -0400[0m - dagster - [34mINFO[0m - __ASSET_JOB - 6936a947-01a9-4f01-9b8d-badadee29a10 - raw_violations_daily - Data for 2025-05-08 already exists. Checking next day.
[32m2025-06-25 18:32:31 -0400[0m - dagster - [34mINFO[0m - __ASSET_JOB - 6936a947-01a9-4f01-9b8d-badadee29a10 - raw_violations_daily - Data for 2025-05-09 already exists. Checking next day.
[32m2025-06-25 18:32:31 -0400[0m - dagster - [34mINFO[0m - __ASSET_JOB - 6936a947-01a9-4f01-9b8d-badadee29a10 - raw_violations_daily - Data for 2025-05-10 already exists. Checking next day.
[32m2025-06-25 18:32:31 -0400[0m - dagster - [34mINFO[0m - __ASSET_JOB - 6936a947-01a9-4f01-9b8d-badadee29a10 - raw_violations_daily - Data for 2025-05-11 already exists. Checking next day.
[32m2025-06-25 18:32:31 -0400[0m - dagster - [34mINFO[0m - __ASSET_JOB - 6936a947-01a9-4f01-9b8d-badadee29a10 - raw_violations_daily - Data for 2025-05-12 already exists. Checking next day.
[32m2025-06-25 18:32:31 -0400[0m - dagster - [34mINFO[0m - __ASSET_JOB - 6936a947-01a9-4f01-9b8d-badadee29a10 - raw_violations_daily - Data for 2025-05-13 already exists. Checking next day.
[32m2025-06-25 18:32:31 -0400[0m - dagster - [34mINFO[0m - __ASSET_JOB - 6936a947-01a9-4f01-9b8d-badadee29a10 - raw_violations_daily - Data for 2025-05-14 already exists. Checking next day.
[32m2025-06-25 18:32:31 -0400[0m - dagster - [34mINFO[0m - __ASSET_JOB - 6936a947-01a9-4f01-9b8d-badadee29a10 - raw_violations_daily - Data for 2025-05-15 already exists. Checking next day.
[32m2025-06-25 18:32:31 -0400[0m - dagster - [34mINFO[0m - __ASSET_JOB - 6936a947-01a9-4f01-9b8d-badadee29a10 - raw_violations_daily - Data for 2025-05-16 already exists. Checking next day.
[32m2025-06-25 18:32:31 -0400[0m - dagster - [34mINFO[0m - __ASSET_JOB - 6936a947-01a9-4f01-9b8d-badadee29a10 - raw_violations_daily - Data for 2025-05-17 already exists. Checking next day.
[32m2025-06-25 18:32:31 -0400[0m - dagster - [34mINFO[0m - __ASSET_JOB - 6936a947-01a9-4f01-9b8d-badadee29a10 - raw_violations_daily - Data for 2025-05-18 already exists. Checking next day.
[32m2025-06-25 18:32:31 -0400[0m - dagster - [34mINFO[0m - __ASSET_JOB - 6936a947-01a9-4f01-9b8d-badadee29a10 - raw_violations_daily - Data for 2025-05-19 already exists. Checking next day.
[32m2025-06-25 18:32:31 -0400[0m - dagster - [34mINFO[0m - __ASSET_JOB - 6936a947-01a9-4f01-9b8d-badadee29a10 - raw_violations_daily - Data for 2025-05-20 already exists. Checking next day.
[32m2025-06-25 18:32:31 -0400[0m - dagster - [34mINFO[0m - __ASSET_JOB - 6936a947-01a9-4f01-9b8d-badadee29a10 - raw_violations_daily - Data for 2025-05-21 already exists. Checking next day.
[32m2025-06-25 18:32:32 -0400[0m - dagster - [34mINFO[0m - __ASSET_JOB - 6936a947-01a9-4f01-9b8d-badadee29a10 - raw_violations_daily - Data for 2025-05-22 already exists. Checking next day.
[32m2025-06-25 18:32:32 -0400[0m - dagster - [34mINFO[0m - __ASSET_JOB - 6936a947-01a9-4f01-9b8d-badadee29a10 - raw_violations_daily - Found missing data for date: 05/23/2025. Proceeding with download for this day.
[32m2025-06-25 18:32:32 -0400[0m - dagster - [34mINFO[0m - __ASSET_JOB - 6936a947-01a9-4f01-9b8d-badadee29a10 - raw_violations_daily - No NYC Open Data API key found/provided. Proceeding without.
[32m2025-06-25 18:32:32 -0400[0m - dagster - [34mINFO[0m - __ASSET_JOB - 6936a947-01a9-4f01-9b8d-badadee29a10 - raw_violations_daily - Starting download of raw violations for date: 05/23/2025 (limit per request: 1000)...
[32m2025-06-25 18:32:32 -0400[0m - dagster - [34mINFO[0m - __ASSET_JOB - 6936a947-01a9-4f01-9b8d-badadee29a10 - raw_violations_daily - Downloaded 1000 records. Total for 05/23/2025: 1000 so far...
[32m2025-06-25 18:32:34 -0400[0m - dagster - [34mINFO[0m - __ASSET_JOB - 6936a947-01a9-4f01-9b8d-badadee29a10 - raw_violations_daily - Downloaded 1000 records. Total for 05/23/2025: 2000 so far...
[32m2025-06-25 18:32:36 -0400[0m - dagster - [34mINFO[0m - __ASSET_JOB - 6936a947-01a9-4f01-9b8d-badadee29a10 - raw_violations_daily - Downloaded 1000 records. Total for 05/23/2025: 3000 so far...
[32m2025-06-25 18:32:40 -0400[0m - dagster - [34mINFO[0m - __ASSET_JOB - 6936a947-01a9-4f01-9b8d-badadee29a10 - raw_violations_daily - Downloaded 1000 records. Total for 05/23/2025: 4000 so far...
[32m2025-06-25 18:32:42 -0400[0m - dagster - [34mINFO[0m - __ASSET_JOB - 6936a947-01a9-4f01-9b8d-badadee29a10 - raw_violations_daily - Downloaded 1000 records. Total for 05/23/2025: 5000 so far...
[32m2025-06-25 18:32:44 -0400[0m - dagster - [34mINFO[0m - __ASSET_JOB - 6936a947-01a9-4f01-9b8d-badadee29a10 - raw_violations_daily - Downloaded 1000 records. Total for 05/23/2025: 6000 so far...
[32m2025-06-25 18:32:45 -0400[0m - dagster - [34mINFO[0m - __ASSET_JOB - 6936a947-01a9-4f01-9b8d-badadee29a10 - raw_violations_daily - Downloaded 1000 records. Total for 05/23/2025: 7000 so far...
[32m2025-06-25 18:32:47 -0400[0m - dagster - [34mINFO[0m - __ASSET_JOB - 6936a947-01a9-4f01-9b8d-badadee29a10 - raw_violations_daily - Downloaded 1000 records. Total for 05/23/2025: 8000 so far...
[32m2025-06-25 18:32:49 -0400[0m - dagster - [34mINFO[0m - __ASSET_JOB - 6936a947-01a9-4f01-9b8d-badadee29a10 - raw_violations_daily - Downloaded 1000 records. Total for 05/23/2025: 9000 so far...
[32m2025-06-25 18:32:51 -0400[0m - dagster - [34mINFO[0m - __ASSET_JOB - 6936a947-01a9-4f01-9b8d-badadee29a10 - raw_violations_daily - Downloaded 1000 records. Total for 05/23/2025: 10000 so far...
[32m2025-06-25 18:32:52 -0400[0m - dagster - [34mINFO[0m - __ASSET_JOB - 6936a947-01a9-4f01-9b8d-badadee29a10 - raw_violations_daily - Downloaded 1000 records. Total for 05/23/2025: 11000 so far...
[32m2025-06-25 18:32:54 -0400[0m - dagster - [34mINFO[0m - __ASSET_JOB - 6936a947-01a9-4f01-9b8d-badadee29a10 - raw_violations_daily - Downloaded 1000 records. Total for 05/23/2025: 12000 so far...
[32m2025-06-25 18:32:55 -0400[0m - dagster - [34mINFO[0m - __ASSET_JOB - 6936a947-01a9-4f01-9b8d-badadee29a10 - raw_violations_daily - Downloaded 1000 records. Total for 05/23/2025: 13000 so far...
[32m2025-06-25 18:32:57 -0400[0m - dagster - [34mINFO[0m - __ASSET_JOB - 6936a947-01a9-4f01-9b8d-badadee29a10 - raw_violations_daily - Downloaded 1000 records. Total for 05/23/2025: 14000 so far...
[32m2025-06-25 18:32:58 -0400[0m - dagster - [34mINFO[0m - __ASSET_JOB - 6936a947-01a9-4f01-9b8d-badadee29a10 - raw_violations_daily - Downloaded 1000 records. Total for 05/23/2025: 15000 so far...
[32m2025-06-25 18:33:00 -0400[0m - dagster - [34mINFO[0m - __ASSET_JOB - 6936a947-01a9-4f01-9b8d-badadee29a10 - raw_violations_daily - Downloaded 1000 records. Total for 05/23/2025: 16000 so far...
[32m2025-06-25 18:33:01 -0400[0m - dagster - [34mINFO[0m - __ASSET_JOB - 6936a947-01a9-4f01-9b8d-badadee29a10 - raw_violations_daily - Downloaded 1000 records. Total for 05/23/2025: 17000 so far...
[32m2025-06-25 18:33:02 -0400[0m - dagster - [34mINFO[0m - __ASSET_JOB - 6936a947-01a9-4f01-9b8d-badadee29a10 - raw_violations_daily - Downloaded 1000 records. Total for 05/23/2025: 18000 so far...
[32m2025-06-25 18:33:04 -0400[0m - dagster - [34mINFO[0m - __ASSET_JOB - 6936a947-01a9-4f01-9b8d-badadee29a10 - raw_violations_daily - Downloaded 1000 records. Total for 05/23/2025: 19000 so far...
[32m2025-06-25 18:33:05 -0400[0m - dagster - [34mINFO[0m - __ASSET_JOB - 6936a947-01a9-4f01-9b8d-badadee29a10 - raw_violations_daily - Downloaded 1000 records. Total for 05/23/2025: 20000 so far...
[32m2025-06-25 18:33:07 -0400[0m - dagster - [34mINFO[0m - __ASSET_JOB - 6936a947-01a9-4f01-9b8d-badadee29a10 - raw_violations_daily - Downloaded 1000 records. Total for 05/23/2025: 21000 so far...
[32m2025-06-25 18:33:08 -0400[0m - dagster - [34mINFO[0m - __ASSET_JOB - 6936a947-01a9-4f01-9b8d-badadee29a10 - raw_violations_daily - Downloaded 1000 records. Total for 05/23/2025: 22000 so far...
[32m2025-06-25 18:33:09 -0400[0m - dagster - [34mINFO[0m - __ASSET_JOB - 6936a947-01a9-4f01-9b8d-badadee29a10 - raw_violations_daily - Downloaded 1000 records. Total for 05/23/2025: 23000 so far...
[32m2025-06-25 18:33:11 -0400[0m - dagster - [34mINFO[0m - __ASSET_JOB - 6936a947-01a9-4f01-9b8d-badadee29a10 - raw_violations_daily - Downloaded 1000 records. Total for 05/23/2025: 24000 so far...
[32m2025-06-25 18:33:13 -0400[0m - dagster - [34mINFO[0m - __ASSET_JOB - 6936a947-01a9-4f01-9b8d-badadee29a10 - raw_violations_daily - Downloaded 1000 records. Total for 05/23/2025: 25000 so far...
[32m2025-06-25 18:33:15 -0400[0m - dagster - [34mINFO[0m - __ASSET_JOB - 6936a947-01a9-4f01-9b8d-badadee29a10 - raw_violations_daily - Downloaded 1000 records. Total for 05/23/2025: 26000 so far...
[32m2025-06-25 18:33:17 -0400[0m - dagster - [34mINFO[0m - __ASSET_JOB - 6936a947-01a9-4f01-9b8d-badadee29a10 - raw_violations_daily - Downloaded 1000 records. Total for 05/23/2025: 27000 so far...
[32m2025-06-25 18:33:18 -0400[0m - dagster - [34mINFO[0m - __ASSET_JOB - 6936a947-01a9-4f01-9b8d-badadee29a10 - raw_violations_daily - Downloaded 1000 records. Total for 05/23/2025: 28000 so far...
[32m2025-06-25 18:33:20 -0400[0m - dagster - [34mINFO[0m - __ASSET_JOB - 6936a947-01a9-4f01-9b8d-badadee29a10 - raw_violations_daily - Downloaded 1000 records. Total for 05/23/2025: 29000 so far...
[32m2025-06-25 18:33:21 -0400[0m - dagster - [34mINFO[0m - __ASSET_JOB - 6936a947-01a9-4f01-9b8d-badadee29a10 - raw_violations_daily - Downloaded 1000 records. Total for 05/23/2025: 30000 so far...
[32m2025-06-25 18:33:23 -0400[0m - dagster - [34mINFO[0m - __ASSET_JOB - 6936a947-01a9-4f01-9b8d-badadee29a10 - raw_violations_daily - Downloaded 1000 records. Total for 05/23/2025: 31000 so far...
[32m2025-06-25 18:33:24 -0400[0m - dagster - [34mINFO[0m - __ASSET_JOB - 6936a947-01a9-4f01-9b8d-badadee29a10 - raw_violations_daily - Downloaded 1000 records. Total for 05/23/2025: 32000 so far...
[32m2025-06-25 18:33:26 -0400[0m - dagster - [34mINFO[0m - __ASSET_JOB - 6936a947-01a9-4f01-9b8d-badadee29a10 - raw_violations_daily - Downloaded 1000 records. Total for 05/23/2025: 33000 so far...
[32m2025-06-25 18:33:27 -0400[0m - dagster - [34mINFO[0m - __ASSET_JOB - 6936a947-01a9-4f01-9b8d-badadee29a10 - raw_violations_daily - Downloaded 1000 records. Total for 05/23/2025: 34000 so far...
[32m2025-06-25 18:33:29 -0400[0m - dagster - [34mINFO[0m - __ASSET_JOB - 6936a947-01a9-4f01-9b8d-badadee29a10 - raw_violations_daily - Downloaded 1000 records. Total for 05/23/2025: 35000 so far...
[32m2025-06-25 18:33:30 -0400[0m - dagster - [34mINFO[0m - __ASSET_JOB - 6936a947-01a9-4f01-9b8d-badadee29a10 - raw_violations_daily - Downloaded 1000 records. Total for 05/23/2025: 36000 so far...
[32m2025-06-25 18:33:32 -0400[0m - dagster - [34mINFO[0m - __ASSET_JOB - 6936a947-01a9-4f01-9b8d-badadee29a10 - raw_violations_daily - Downloaded 1000 records. Total for 05/23/2025: 37000 so far...
[32m2025-06-25 18:33:33 -0400[0m - dagster - [34mINFO[0m - __ASSET_JOB - 6936a947-01a9-4f01-9b8d-badadee29a10 - raw_violations_daily - Downloaded 1000 records. Total for 05/23/2025: 38000 so far...
[32m2025-06-25 18:33:35 -0400[0m - dagster - [34mINFO[0m - __ASSET_JOB - 6936a947-01a9-4f01-9b8d-badadee29a10 - raw_violations_daily - Downloaded 1000 records. Total for 05/23/2025: 39000 so far...
[32m2025-06-25 18:33:37 -0400[0m - dagster - [34mINFO[0m - __ASSET_JOB - 6936a947-01a9-4f01-9b8d-badadee29a10 - raw_violations_daily - Downloaded 1000 records. Total for 05/23/2025: 40000 so far...
[32m2025-06-25 18:33:38 -0400[0m - dagster - [34mINFO[0m - __ASSET_JOB - 6936a947-01a9-4f01-9b8d-badadee29a10 - raw_violations_daily - Downloaded 1000 records. Total for 05/23/2025: 41000 so far...
[32m2025-06-25 18:33:40 -0400[0m - dagster - [34mINFO[0m - __ASSET_JOB - 6936a947-01a9-4f01-9b8d-badadee29a10 - raw_violations_daily - Downloaded 1000 records. Total for 05/23/2025: 42000 so far...
[32m2025-06-25 18:33:42 -0400[0m - dagster - [34mINFO[0m - __ASSET_JOB - 6936a947-01a9-4f01-9b8d-badadee29a10 - raw_violations_daily - Downloaded 1000 records. Total for 05/23/2025: 43000 so far...
[32m2025-06-25 18:33:44 -0400[0m - dagster - [34mINFO[0m - __ASSET_JOB - 6936a947-01a9-4f01-9b8d-badadee29a10 - raw_violations_daily - Downloaded 1000 records. Total for 05/23/2025: 44000 so far...
[32m2025-06-25 18:33:45 -0400[0m - dagster - [34mINFO[0m - __ASSET_JOB - 6936a947-01a9-4f01-9b8d-badadee29a10 - raw_violations_daily - Downloaded 1000 records. Total for 05/23/2025: 45000 so far...
[32m2025-06-25 18:33:47 -0400[0m - dagster - [34mINFO[0m - __ASSET_JOB - 6936a947-01a9-4f01-9b8d-badadee29a10 - raw_violations_daily - Downloaded 1000 records. Total for 05/23/2025: 46000 so far...
[32m2025-06-25 18:33:48 -0400[0m - dagster - [34mINFO[0m - __ASSET_JOB - 6936a947-01a9-4f01-9b8d-badadee29a10 - raw_violations_daily - Downloaded 1000 records. Total for 05/23/2025: 47000 so far...
[32m2025-06-25 18:33:50 -0400[0m - dagster - [34mINFO[0m - __ASSET_JOB - 6936a947-01a9-4f01-9b8d-badadee29a10 - raw_violations_daily - Downloaded 89 records. Total for 05/23/2025: 47089 so far...
[32m2025-06-25 18:33:51 -0400[0m - dagster - [34mINFO[0m - __ASSET_JOB - 6936a947-01a9-4f01-9b8d-badadee29a10 - raw_violations_daily - Finished downloading 47089 raw violations records for 05/23/2025.
/home/dominickryan/Documents/Code_projects/my_speed_camera_project/src/my_speed_camera_project/data_ingestion.py:157: SettingWithCopyWarning: 
A value is trying to be set on a copy of a slice from a DataFrame.
Try using .loc[row_indexer,col_indexer] = value instead

See the caveats in the documentation: https://pandas.pydata.org/pandas-docs/stable/user_guide/indexing.html#returning-a-view-versus-a-copy
  df_filtered[col] = df_filtered[col].astype(str)
/home/dominickryan/Documents/Code_projects/my_speed_camera_project/src/my_speed_camera_project/data_ingestion.py:157: SettingWithCopyWarning: 
A value is trying to be set on a copy of a slice from a DataFrame.
Try using .loc[row_indexer,col_indexer] = value instead

See the caveats in the documentation: https://pandas.pydata.org/pandas-docs/stable/user_guide/indexing.html#returning-a-view-versus-a-copy
  df_filtered[col] = df_filtered[col].astype(str)
/home/dominickryan/Documents/Code_projects/my_speed_camera_project/src/my_speed_camera_project/data_ingestion.py:157: SettingWithCopyWarning: 
A value is trying to be set on a copy of a slice from a DataFrame.
Try using .loc[row_indexer,col_indexer] = value instead

See the caveats in the documentation: https://pandas.pydata.org/pandas-docs/stable/user_guide/indexing.html#returning-a-view-versus-a-copy
  df_filtered[col] = df_filtered[col].astype(str)
/home/dominickryan/Documents/Code_projects/my_speed_camera_project/src/my_speed_camera_project/data_ingestion.py:157: SettingWithCopyWarning: 
A value is trying to be set on a copy of a slice from a DataFrame.
Try using .loc[row_indexer,col_indexer] = value instead

See the caveats in the documentation: https://pandas.pydata.org/pandas-docs/stable/user_guide/indexing.html#returning-a-view-versus-a-copy
  df_filtered[col] = df_filtered[col].astype(str)
/home/dominickryan/Documents/Code_projects/my_speed_camera_project/src/my_speed_camera_project/data_ingestion.py:157: SettingWithCopyWarning: 
A value is trying to be set on a copy of a slice from a DataFrame.
Try using .loc[row_indexer,col_indexer] = value instead

See the caveats in the documentation: https://pandas.pydata.org/pandas-docs/stable/user_guide/indexing.html#returning-a-view-versus-a-copy
  df_filtered[col] = df_filtered[col].astype(str)
/home/dominickryan/Documents/Code_projects/my_speed_camera_project/src/my_speed_camera_project/data_ingestion.py:157: SettingWithCopyWarning: 
A value is trying to be set on a copy of a slice from a DataFrame.
Try using .loc[row_indexer,col_indexer] = value instead

See the caveats in the documentation: https://pandas.pydata.org/pandas-docs/stable/user_guide/indexing.html#returning-a-view-versus-a-copy
  df_filtered[col] = df_filtered[col].astype(str)
/home/dominickryan/Documents/Code_projects/my_speed_camera_project/src/my_speed_camera_project/data_ingestion.py:157: SettingWithCopyWarning: 
A value is trying to be set on a copy of a slice from a DataFrame.
Try using .loc[row_indexer,col_indexer] = value instead

See the caveats in the documentation: https://pandas.pydata.org/pandas-docs/stable/user_guide/indexing.html#returning-a-view-versus-a-copy
  df_filtered[col] = df_filtered[col].astype(str)
/home/dominickryan/Documents/Code_projects/my_speed_camera_project/src/my_speed_camera_project/data_ingestion.py:157: SettingWithCopyWarning: 
A value is trying to be set on a copy of a slice from a DataFrame.
Try using .loc[row_indexer,col_indexer] = value instead

See the caveats in the documentation: https://pandas.pydata.org/pandas-docs/stable/user_guide/indexing.html#returning-a-view-versus-a-copy
  df_filtered[col] = df_filtered[col].astype(str)
/home/dominickryan/Documents/Code_projects/my_speed_camera_project/src/my_speed_camera_project/data_ingestion.py:157: SettingWithCopyWarning: 
A value is trying to be set on a copy of a slice from a DataFrame.
Try using .loc[row_indexer,col_indexer] = value instead

See the caveats in the documentation: https://pandas.pydata.org/pandas-docs/stable/user_guide/indexing.html#returning-a-view-versus-a-copy
  df_filtered[col] = df_filtered[col].astype(str)
/home/dominickryan/Documents/Code_projects/my_speed_camera_project/src/my_speed_camera_project/data_ingestion.py:157: SettingWithCopyWarning: 
A value is trying to be set on a copy of a slice from a DataFrame.
Try using .loc[row_indexer,col_indexer] = value instead

See the caveats in the documentation: https://pandas.pydata.org/pandas-docs/stable/user_guide/indexing.html#returning-a-view-versus-a-copy
  df_filtered[col] = df_filtered[col].astype(str)
/home/dominickryan/Documents/Code_projects/my_speed_camera_project/src/my_speed_camera_project/data_ingestion.py:157: SettingWithCopyWarning: 
A value is trying to be set on a copy of a slice from a DataFrame.
Try using .loc[row_indexer,col_indexer] = value instead

See the caveats in the documentation: https://pandas.pydata.org/pandas-docs/stable/user_guide/indexing.html#returning-a-view-versus-a-copy
  df_filtered[col] = df_filtered[col].astype(str)
/home/dominickryan/Documents/Code_projects/my_speed_camera_project/src/my_speed_camera_project/data_ingestion.py:157: SettingWithCopyWarning: 
A value is trying to be set on a copy of a slice from a DataFrame.
Try using .loc[row_indexer,col_indexer] = value instead

See the caveats in the documentation: https://pandas.pydata.org/pandas-docs/stable/user_guide/indexing.html#returning-a-view-versus-a-copy
  df_filtered[col] = df_filtered[col].astype(str)
/home/dominickryan/Documents/Code_projects/my_speed_camera_project/src/my_speed_camera_project/data_ingestion.py:157: SettingWithCopyWarning: 
A value is trying to be set on a copy of a slice from a DataFrame.
Try using .loc[row_indexer,col_indexer] = value instead

See the caveats in the documentation: https://pandas.pydata.org/pandas-docs/stable/user_guide/indexing.html#returning-a-view-versus-a-copy
  df_filtered[col] = df_filtered[col].astype(str)
/home/dominickryan/Documents/Code_projects/my_speed_camera_project/src/my_speed_camera_project/data_ingestion.py:157: SettingWithCopyWarning: 
A value is trying to be set on a copy of a slice from a DataFrame.
Try using .loc[row_indexer,col_indexer] = value instead

See the caveats in the documentation: https://pandas.pydata.org/pandas-docs/stable/user_guide/indexing.html#returning-a-view-versus-a-copy
  df_filtered[col] = df_filtered[col].astype(str)
/home/dominickryan/Documents/Code_projects/my_speed_camera_project/src/my_speed_camera_project/data_ingestion.py:157: SettingWithCopyWarning: 
A value is trying to be set on a copy of a slice from a DataFrame.
Try using .loc[row_indexer,col_indexer] = value instead

See the caveats in the documentation: https://pandas.pydata.org/pandas-docs/stable/user_guide/indexing.html#returning-a-view-versus-a-copy
  df_filtered[col] = df_filtered[col].astype(str)
/home/dominickryan/Documents/Code_projects/my_speed_camera_project/src/my_speed_camera_project/data_ingestion.py:157: SettingWithCopyWarning: 
A value is trying to be set on a copy of a slice from a DataFrame.
Try using .loc[row_indexer,col_indexer] = value instead

See the caveats in the documentation: https://pandas.pydata.org/pandas-docs/stable/user_guide/indexing.html#returning-a-view-versus-a-copy
  df_filtered[col] = df_filtered[col].astype(str)
/home/dominickryan/Documents/Code_projects/my_speed_camera_project/src/my_speed_camera_project/data_ingestion.py:157: SettingWithCopyWarning: 
A value is trying to be set on a copy of a slice from a DataFrame.
Try using .loc[row_indexer,col_indexer] = value instead

See the caveats in the documentation: https://pandas.pydata.org/pandas-docs/stable/user_guide/indexing.html#returning-a-view-versus-a-copy
  df_filtered[col] = df_filtered[col].astype(str)
[32m2025-06-25 18:33:51 -0400[0m - dagster - [34mINFO[0m - __ASSET_JOB - 6936a947-01a9-4f01-9b8d-badadee29a10 - raw_violations_daily - Saving 47089 records for 05/23/2025 to data/raw_daily_violations/raw_violations_2025-05-23.parquet
[32m2025-06-25 18:33:51 -0400[0m - dagster - [34mINFO[0m - __ASSET_JOB - 6936a947-01a9-4f01-9b8d-badadee29a10 - raw_violations_daily - Successfully saved data for 05/23/2025 to data/raw_daily_violations/raw_violations_2025-05-23.parquet
[32m2025-06-25 18:33:51 -0400[0m - dagster - [34mDEBUG[0m - __ASSET_JOB - 6936a947-01a9-4f01-9b8d-badadee29a10 - 85822 - raw_violations_daily - STEP_OUTPUT - Yielded output "result" of type "Nothing". (Type check passed).
[32m2025-06-25 18:33:51 -0400[0m - dagster - [34mDEBUG[0m - __ASSET_JOB - 6936a947-01a9-4f01-9b8d-badadee29a10 - 85822 - raw_violations_daily - ASSET_MATERIALIZATION - Materialized value raw_violations_daily.
[32m2025-06-25 18:33:51 -0400[0m - dagster - [34mDEBUG[0m - __ASSET_JOB - 6936a947-01a9-4f01-9b8d-badadee29a10 - 85822 - raw_violations_daily - STEP_SUCCESS - Finished execution of step "raw_violations_daily" in 1m19s.
