[32m2025-06-25 18:32:31 -0400[0m - dagster - [34mDEBUG[0m - __ASSET_JOB - 6936a947-01a9-4f01-9b8d-badadee29a10 - 85823 - LOGS_CAPTURED - Started capturing logs in process (pid: 85823).
[32m2025-06-25 18:32:31 -0400[0m - dagster - [34mDEBUG[0m - __ASSET_JOB - 6936a947-01a9-4f01-9b8d-badadee29a10 - 85823 - raw_violations_monthly - STEP_START - Started execution of step "raw_violations_monthly".
[32m2025-06-25 18:32:31 -0400[0m - dagster - [34mINFO[0m - __ASSET_JOB - 6936a947-01a9-4f01-9b8d-badadee29a10 - raw_violations_monthly - Attempting to collect data for 31 days from 2025-04-25 (oldest) to 2025-05-25 (newest).
[32m2025-06-25 18:32:31 -0400[0m - dagster - [34mINFO[0m - __ASSET_JOB - 6936a947-01a9-4f01-9b8d-badadee29a10 - raw_violations_monthly - No data file found for 2025-05-25 at data/raw_daily_violations/raw_violations_2025-05-25.parquet. Skipping.
[32m2025-06-25 18:32:31 -0400[0m - dagster - [34mINFO[0m - __ASSET_JOB - 6936a947-01a9-4f01-9b8d-badadee29a10 - raw_violations_monthly - No data file found for 2025-05-24 at data/raw_daily_violations/raw_violations_2025-05-24.parquet. Skipping.
[32m2025-06-25 18:32:31 -0400[0m - dagster - [34mINFO[0m - __ASSET_JOB - 6936a947-01a9-4f01-9b8d-badadee29a10 - raw_violations_monthly - No data file found for 2025-05-23 at data/raw_daily_violations/raw_violations_2025-05-23.parquet. Skipping.
[32m2025-06-25 18:32:31 -0400[0m - dagster - [34mINFO[0m - __ASSET_JOB - 6936a947-01a9-4f01-9b8d-badadee29a10 - raw_violations_monthly - Loaded data for 2025-05-22 from data/raw_daily_violations/raw_violations_2025-05-22.parquet.
[32m2025-06-25 18:32:31 -0400[0m - dagster - [34mINFO[0m - __ASSET_JOB - 6936a947-01a9-4f01-9b8d-badadee29a10 - raw_violations_monthly - Loaded data for 2025-05-21 from data/raw_daily_violations/raw_violations_2025-05-21.parquet.
[32m2025-06-25 18:32:31 -0400[0m - dagster - [34mINFO[0m - __ASSET_JOB - 6936a947-01a9-4f01-9b8d-badadee29a10 - raw_violations_monthly - Loaded data for 2025-05-20 from data/raw_daily_violations/raw_violations_2025-05-20.parquet.
[32m2025-06-25 18:32:32 -0400[0m - dagster - [34mINFO[0m - __ASSET_JOB - 6936a947-01a9-4f01-9b8d-badadee29a10 - raw_violations_monthly - Loaded data for 2025-05-19 from data/raw_daily_violations/raw_violations_2025-05-19.parquet.
[32m2025-06-25 18:32:32 -0400[0m - dagster - [34mINFO[0m - __ASSET_JOB - 6936a947-01a9-4f01-9b8d-badadee29a10 - raw_violations_monthly - Loaded data for 2025-05-18 from data/raw_daily_violations/raw_violations_2025-05-18.parquet.
[32m2025-06-25 18:32:32 -0400[0m - dagster - [34mINFO[0m - __ASSET_JOB - 6936a947-01a9-4f01-9b8d-badadee29a10 - raw_violations_monthly - Loaded data for 2025-05-17 from data/raw_daily_violations/raw_violations_2025-05-17.parquet.
[32m2025-06-25 18:32:32 -0400[0m - dagster - [34mINFO[0m - __ASSET_JOB - 6936a947-01a9-4f01-9b8d-badadee29a10 - raw_violations_monthly - Loaded data for 2025-05-16 from data/raw_daily_violations/raw_violations_2025-05-16.parquet.
[32m2025-06-25 18:32:32 -0400[0m - dagster - [34mINFO[0m - __ASSET_JOB - 6936a947-01a9-4f01-9b8d-badadee29a10 - raw_violations_monthly - Loaded data for 2025-05-15 from data/raw_daily_violations/raw_violations_2025-05-15.parquet.
[32m2025-06-25 18:32:32 -0400[0m - dagster - [34mINFO[0m - __ASSET_JOB - 6936a947-01a9-4f01-9b8d-badadee29a10 - raw_violations_monthly - Loaded data for 2025-05-14 from data/raw_daily_violations/raw_violations_2025-05-14.parquet.
[32m2025-06-25 18:32:32 -0400[0m - dagster - [34mINFO[0m - __ASSET_JOB - 6936a947-01a9-4f01-9b8d-badadee29a10 - raw_violations_monthly - Loaded data for 2025-05-13 from data/raw_daily_violations/raw_violations_2025-05-13.parquet.
[32m2025-06-25 18:32:32 -0400[0m - dagster - [34mINFO[0m - __ASSET_JOB - 6936a947-01a9-4f01-9b8d-badadee29a10 - raw_violations_monthly - Loaded data for 2025-05-12 from data/raw_daily_violations/raw_violations_2025-05-12.parquet.
[32m2025-06-25 18:32:32 -0400[0m - dagster - [34mINFO[0m - __ASSET_JOB - 6936a947-01a9-4f01-9b8d-badadee29a10 - raw_violations_monthly - Loaded data for 2025-05-11 from data/raw_daily_violations/raw_violations_2025-05-11.parquet.
[32m2025-06-25 18:32:32 -0400[0m - dagster - [34mINFO[0m - __ASSET_JOB - 6936a947-01a9-4f01-9b8d-badadee29a10 - raw_violations_monthly - Loaded data for 2025-05-10 from data/raw_daily_violations/raw_violations_2025-05-10.parquet.
[32m2025-06-25 18:32:32 -0400[0m - dagster - [34mINFO[0m - __ASSET_JOB - 6936a947-01a9-4f01-9b8d-badadee29a10 - raw_violations_monthly - Loaded data for 2025-05-09 from data/raw_daily_violations/raw_violations_2025-05-09.parquet.
[32m2025-06-25 18:32:32 -0400[0m - dagster - [34mINFO[0m - __ASSET_JOB - 6936a947-01a9-4f01-9b8d-badadee29a10 - raw_violations_monthly - Loaded data for 2025-05-08 from data/raw_daily_violations/raw_violations_2025-05-08.parquet.
[32m2025-06-25 18:32:32 -0400[0m - dagster - [34mINFO[0m - __ASSET_JOB - 6936a947-01a9-4f01-9b8d-badadee29a10 - raw_violations_monthly - Loaded data for 2025-05-07 from data/raw_daily_violations/raw_violations_2025-05-07.parquet.
[32m2025-06-25 18:32:32 -0400[0m - dagster - [34mINFO[0m - __ASSET_JOB - 6936a947-01a9-4f01-9b8d-badadee29a10 - raw_violations_monthly - Loaded data for 2025-05-06 from data/raw_daily_violations/raw_violations_2025-05-06.parquet.
[32m2025-06-25 18:32:32 -0400[0m - dagster - [34mINFO[0m - __ASSET_JOB - 6936a947-01a9-4f01-9b8d-badadee29a10 - raw_violations_monthly - Loaded data for 2025-05-05 from data/raw_daily_violations/raw_violations_2025-05-05.parquet.
[32m2025-06-25 18:32:32 -0400[0m - dagster - [34mINFO[0m - __ASSET_JOB - 6936a947-01a9-4f01-9b8d-badadee29a10 - raw_violations_monthly - Loaded data for 2025-05-04 from data/raw_daily_violations/raw_violations_2025-05-04.parquet.
[32m2025-06-25 18:32:32 -0400[0m - dagster - [34mINFO[0m - __ASSET_JOB - 6936a947-01a9-4f01-9b8d-badadee29a10 - raw_violations_monthly - Loaded data for 2025-05-03 from data/raw_daily_violations/raw_violations_2025-05-03.parquet.
[32m2025-06-25 18:32:32 -0400[0m - dagster - [34mINFO[0m - __ASSET_JOB - 6936a947-01a9-4f01-9b8d-badadee29a10 - raw_violations_monthly - Loaded data for 2025-05-02 from data/raw_daily_violations/raw_violations_2025-05-02.parquet.
[32m2025-06-25 18:32:32 -0400[0m - dagster - [34mINFO[0m - __ASSET_JOB - 6936a947-01a9-4f01-9b8d-badadee29a10 - raw_violations_monthly - Loaded data for 2025-05-01 from data/raw_daily_violations/raw_violations_2025-05-01.parquet.
[32m2025-06-25 18:32:32 -0400[0m - dagster - [34mINFO[0m - __ASSET_JOB - 6936a947-01a9-4f01-9b8d-badadee29a10 - raw_violations_monthly - Loaded data for 2025-04-30 from data/raw_daily_violations/raw_violations_2025-04-30.parquet.
[32m2025-06-25 18:32:32 -0400[0m - dagster - [34mINFO[0m - __ASSET_JOB - 6936a947-01a9-4f01-9b8d-badadee29a10 - raw_violations_monthly - Loaded data for 2025-04-29 from data/raw_daily_violations/raw_violations_2025-04-29.parquet.
[32m2025-06-25 18:32:32 -0400[0m - dagster - [34mINFO[0m - __ASSET_JOB - 6936a947-01a9-4f01-9b8d-badadee29a10 - raw_violations_monthly - Loaded data for 2025-04-28 from data/raw_daily_violations/raw_violations_2025-04-28.parquet.
[32m2025-06-25 18:32:32 -0400[0m - dagster - [34mINFO[0m - __ASSET_JOB - 6936a947-01a9-4f01-9b8d-badadee29a10 - raw_violations_monthly - Loaded data for 2025-04-27 from data/raw_daily_violations/raw_violations_2025-04-27.parquet.
[32m2025-06-25 18:32:32 -0400[0m - dagster - [34mINFO[0m - __ASSET_JOB - 6936a947-01a9-4f01-9b8d-badadee29a10 - raw_violations_monthly - Loaded data for 2025-04-26 from data/raw_daily_violations/raw_violations_2025-04-26.parquet.
[32m2025-06-25 18:32:32 -0400[0m - dagster - [34mINFO[0m - __ASSET_JOB - 6936a947-01a9-4f01-9b8d-badadee29a10 - raw_violations_monthly - Loaded data for 2025-04-25 from data/raw_daily_violations/raw_violations_2025-04-25.parquet.
[32m2025-06-25 18:32:32 -0400[0m - dagster - [34mINFO[0m - __ASSET_JOB - 6936a947-01a9-4f01-9b8d-badadee29a10 - raw_violations_monthly - Collected 1345890 records for the specified window.
[32m2025-06-25 18:32:32 -0400[0m - dagster - [34mDEBUG[0m - __ASSET_JOB - 6936a947-01a9-4f01-9b8d-badadee29a10 - 85823 - raw_violations_monthly - STEP_OUTPUT - Yielded output "result" of type "DataFrame". (Type check passed).
[32m2025-06-25 18:32:32 -0400[0m - dagster - [34mDEBUG[0m - __ASSET_JOB - 6936a947-01a9-4f01-9b8d-badadee29a10 - raw_violations_monthly - Writing file at: /home/dominickryan/Documents/Code_projects/my_speed_camera_project/.tmp_dagster_home_6oktveg9/storage/raw_violations_monthly using PickledObjectFilesystemIOManager...
[32m2025-06-25 18:32:33 -0400[0m - dagster - [34mDEBUG[0m - __ASSET_JOB - 6936a947-01a9-4f01-9b8d-badadee29a10 - 85823 - raw_violations_monthly - ASSET_MATERIALIZATION - Materialized value raw_violations_monthly.
[32m2025-06-25 18:32:33 -0400[0m - dagster - [34mDEBUG[0m - __ASSET_JOB - 6936a947-01a9-4f01-9b8d-badadee29a10 - 85823 - raw_violations_monthly - HANDLED_OUTPUT - Handled output "result" using IO manager "io_manager"
[32m2025-06-25 18:32:33 -0400[0m - dagster - [34mDEBUG[0m - __ASSET_JOB - 6936a947-01a9-4f01-9b8d-badadee29a10 - 85823 - raw_violations_monthly - STEP_SUCCESS - Finished execution of step "raw_violations_monthly" in 1.97s.
