[32m2025-06-25 12:43:26 -0400[0m - dagster - [34mDEBUG[0m - __ASSET_JOB - 404fdaef-6ee3-40e0-91bb-0149d811a527 - 3813267 - LOGS_CAPTURED - Started capturing logs in process (pid: 3813267).
[32m2025-06-25 12:43:26 -0400[0m - dagster - [34mDEBUG[0m - __ASSET_JOB - 404fdaef-6ee3-40e0-91bb-0149d811a527 - 3813267 - raw_violations_monthly - STEP_START - Started execution of step "raw_violations_monthly".
[32m2025-06-25 12:43:26 -0400[0m - dagster - [34mINFO[0m - __ASSET_JOB - 404fdaef-6ee3-40e0-91bb-0149d811a527 - raw_violations_monthly - Attempting to collect data for 31 days from 2025-04-25 (oldest) to 2025-05-25 (newest).
[32m2025-06-25 12:43:26 -0400[0m - dagster - [34mINFO[0m - __ASSET_JOB - 404fdaef-6ee3-40e0-91bb-0149d811a527 - raw_violations_monthly - No data file found for 2025-05-25 at data/raw_daily_violations/raw_violations_2025-05-25.parquet. Skipping.
[32m2025-06-25 12:43:26 -0400[0m - dagster - [34mINFO[0m - __ASSET_JOB - 404fdaef-6ee3-40e0-91bb-0149d811a527 - raw_violations_monthly - No data file found for 2025-05-24 at data/raw_daily_violations/raw_violations_2025-05-24.parquet. Skipping.
[32m2025-06-25 12:43:26 -0400[0m - dagster - [34mINFO[0m - __ASSET_JOB - 404fdaef-6ee3-40e0-91bb-0149d811a527 - raw_violations_monthly - No data file found for 2025-05-23 at data/raw_daily_violations/raw_violations_2025-05-23.parquet. Skipping.
[32m2025-06-25 12:43:26 -0400[0m - dagster - [34mINFO[0m - __ASSET_JOB - 404fdaef-6ee3-40e0-91bb-0149d811a527 - raw_violations_monthly - No data file found for 2025-05-22 at data/raw_daily_violations/raw_violations_2025-05-22.parquet. Skipping.
[32m2025-06-25 12:43:26 -0400[0m - dagster - [34mINFO[0m - __ASSET_JOB - 404fdaef-6ee3-40e0-91bb-0149d811a527 - raw_violations_monthly - Loaded data for 2025-05-21 from data/raw_daily_violations/raw_violations_2025-05-21.parquet.
[32m2025-06-25 12:43:26 -0400[0m - dagster - [34mINFO[0m - __ASSET_JOB - 404fdaef-6ee3-40e0-91bb-0149d811a527 - raw_violations_monthly - No data file found for 2025-05-20 at data/raw_daily_violations/raw_violations_2025-05-20.parquet. Skipping.
[32m2025-06-25 12:43:26 -0400[0m - dagster - [34mINFO[0m - __ASSET_JOB - 404fdaef-6ee3-40e0-91bb-0149d811a527 - raw_violations_monthly - No data file found for 2025-05-19 at data/raw_daily_violations/raw_violations_2025-05-19.parquet. Skipping.
[32m2025-06-25 12:43:26 -0400[0m - dagster - [34mINFO[0m - __ASSET_JOB - 404fdaef-6ee3-40e0-91bb-0149d811a527 - raw_violations_monthly - No data file found for 2025-05-18 at data/raw_daily_violations/raw_violations_2025-05-18.parquet. Skipping.
[32m2025-06-25 12:43:26 -0400[0m - dagster - [34mINFO[0m - __ASSET_JOB - 404fdaef-6ee3-40e0-91bb-0149d811a527 - raw_violations_monthly - No data file found for 2025-05-17 at data/raw_daily_violations/raw_violations_2025-05-17.parquet. Skipping.
[32m2025-06-25 12:43:26 -0400[0m - dagster - [34mINFO[0m - __ASSET_JOB - 404fdaef-6ee3-40e0-91bb-0149d811a527 - raw_violations_monthly - No data file found for 2025-05-16 at data/raw_daily_violations/raw_violations_2025-05-16.parquet. Skipping.
[32m2025-06-25 12:43:26 -0400[0m - dagster - [34mINFO[0m - __ASSET_JOB - 404fdaef-6ee3-40e0-91bb-0149d811a527 - raw_violations_monthly - No data file found for 2025-05-15 at data/raw_daily_violations/raw_violations_2025-05-15.parquet. Skipping.
[32m2025-06-25 12:43:27 -0400[0m - dagster - [34mINFO[0m - __ASSET_JOB - 404fdaef-6ee3-40e0-91bb-0149d811a527 - raw_violations_monthly - No data file found for 2025-05-14 at data/raw_daily_violations/raw_violations_2025-05-14.parquet. Skipping.
[32m2025-06-25 12:43:27 -0400[0m - dagster - [34mINFO[0m - __ASSET_JOB - 404fdaef-6ee3-40e0-91bb-0149d811a527 - raw_violations_monthly - No data file found for 2025-05-13 at data/raw_daily_violations/raw_violations_2025-05-13.parquet. Skipping.
[32m2025-06-25 12:43:27 -0400[0m - dagster - [34mINFO[0m - __ASSET_JOB - 404fdaef-6ee3-40e0-91bb-0149d811a527 - raw_violations_monthly - No data file found for 2025-05-12 at data/raw_daily_violations/raw_violations_2025-05-12.parquet. Skipping.
[32m2025-06-25 12:43:27 -0400[0m - dagster - [34mINFO[0m - __ASSET_JOB - 404fdaef-6ee3-40e0-91bb-0149d811a527 - raw_violations_monthly - No data file found for 2025-05-11 at data/raw_daily_violations/raw_violations_2025-05-11.parquet. Skipping.
[32m2025-06-25 12:43:27 -0400[0m - dagster - [34mINFO[0m - __ASSET_JOB - 404fdaef-6ee3-40e0-91bb-0149d811a527 - raw_violations_monthly - No data file found for 2025-05-10 at data/raw_daily_violations/raw_violations_2025-05-10.parquet. Skipping.
[32m2025-06-25 12:43:27 -0400[0m - dagster - [34mINFO[0m - __ASSET_JOB - 404fdaef-6ee3-40e0-91bb-0149d811a527 - raw_violations_monthly - No data file found for 2025-05-09 at data/raw_daily_violations/raw_violations_2025-05-09.parquet. Skipping.
[32m2025-06-25 12:43:27 -0400[0m - dagster - [34mINFO[0m - __ASSET_JOB - 404fdaef-6ee3-40e0-91bb-0149d811a527 - raw_violations_monthly - No data file found for 2025-05-08 at data/raw_daily_violations/raw_violations_2025-05-08.parquet. Skipping.
[32m2025-06-25 12:43:27 -0400[0m - dagster - [34mINFO[0m - __ASSET_JOB - 404fdaef-6ee3-40e0-91bb-0149d811a527 - raw_violations_monthly - No data file found for 2025-05-07 at data/raw_daily_violations/raw_violations_2025-05-07.parquet. Skipping.
[32m2025-06-25 12:43:27 -0400[0m - dagster - [34mINFO[0m - __ASSET_JOB - 404fdaef-6ee3-40e0-91bb-0149d811a527 - raw_violations_monthly - No data file found for 2025-05-06 at data/raw_daily_violations/raw_violations_2025-05-06.parquet. Skipping.
[32m2025-06-25 12:43:27 -0400[0m - dagster - [34mINFO[0m - __ASSET_JOB - 404fdaef-6ee3-40e0-91bb-0149d811a527 - raw_violations_monthly - No data file found for 2025-05-05 at data/raw_daily_violations/raw_violations_2025-05-05.parquet. Skipping.
[32m2025-06-25 12:43:27 -0400[0m - dagster - [34mINFO[0m - __ASSET_JOB - 404fdaef-6ee3-40e0-91bb-0149d811a527 - raw_violations_monthly - No data file found for 2025-05-04 at data/raw_daily_violations/raw_violations_2025-05-04.parquet. Skipping.
[32m2025-06-25 12:43:27 -0400[0m - dagster - [34mINFO[0m - __ASSET_JOB - 404fdaef-6ee3-40e0-91bb-0149d811a527 - raw_violations_monthly - No data file found for 2025-05-03 at data/raw_daily_violations/raw_violations_2025-05-03.parquet. Skipping.
[32m2025-06-25 12:43:27 -0400[0m - dagster - [34mINFO[0m - __ASSET_JOB - 404fdaef-6ee3-40e0-91bb-0149d811a527 - raw_violations_monthly - No data file found for 2025-05-02 at data/raw_daily_violations/raw_violations_2025-05-02.parquet. Skipping.
[32m2025-06-25 12:43:27 -0400[0m - dagster - [34mINFO[0m - __ASSET_JOB - 404fdaef-6ee3-40e0-91bb-0149d811a527 - raw_violations_monthly - No data file found for 2025-05-01 at data/raw_daily_violations/raw_violations_2025-05-01.parquet. Skipping.
[32m2025-06-25 12:43:27 -0400[0m - dagster - [34mINFO[0m - __ASSET_JOB - 404fdaef-6ee3-40e0-91bb-0149d811a527 - raw_violations_monthly - No data file found for 2025-04-30 at data/raw_daily_violations/raw_violations_2025-04-30.parquet. Skipping.
[32m2025-06-25 12:43:27 -0400[0m - dagster - [34mINFO[0m - __ASSET_JOB - 404fdaef-6ee3-40e0-91bb-0149d811a527 - raw_violations_monthly - No data file found for 2025-04-29 at data/raw_daily_violations/raw_violations_2025-04-29.parquet. Skipping.
[32m2025-06-25 12:43:27 -0400[0m - dagster - [34mINFO[0m - __ASSET_JOB - 404fdaef-6ee3-40e0-91bb-0149d811a527 - raw_violations_monthly - No data file found for 2025-04-28 at data/raw_daily_violations/raw_violations_2025-04-28.parquet. Skipping.
[32m2025-06-25 12:43:27 -0400[0m - dagster - [34mINFO[0m - __ASSET_JOB - 404fdaef-6ee3-40e0-91bb-0149d811a527 - raw_violations_monthly - No data file found for 2025-04-27 at data/raw_daily_violations/raw_violations_2025-04-27.parquet. Skipping.
[32m2025-06-25 12:43:27 -0400[0m - dagster - [34mINFO[0m - __ASSET_JOB - 404fdaef-6ee3-40e0-91bb-0149d811a527 - raw_violations_monthly - No data file found for 2025-04-26 at data/raw_daily_violations/raw_violations_2025-04-26.parquet. Skipping.
[32m2025-06-25 12:43:27 -0400[0m - dagster - [34mINFO[0m - __ASSET_JOB - 404fdaef-6ee3-40e0-91bb-0149d811a527 - raw_violations_monthly - No data file found for 2025-04-25 at data/raw_daily_violations/raw_violations_2025-04-25.parquet. Skipping.
[32m2025-06-25 12:43:27 -0400[0m - dagster - [34mINFO[0m - __ASSET_JOB - 404fdaef-6ee3-40e0-91bb-0149d811a527 - raw_violations_monthly - Collected 41854 records for the specified window.
[32m2025-06-25 12:43:27 -0400[0m - dagster - [34mDEBUG[0m - __ASSET_JOB - 404fdaef-6ee3-40e0-91bb-0149d811a527 - 3813267 - raw_violations_monthly - STEP_OUTPUT - Yielded output "result" of type "DataFrame". (Type check passed).
[32m2025-06-25 12:43:27 -0400[0m - dagster - [34mDEBUG[0m - __ASSET_JOB - 404fdaef-6ee3-40e0-91bb-0149d811a527 - raw_violations_monthly - Writing file at: /home/dominickryan/Documents/Code_projects/my_speed_camera_project/.tmp_dagster_home_6oktveg9/storage/raw_violations_monthly using PickledObjectFilesystemIOManager...
[32m2025-06-25 12:43:27 -0400[0m - dagster - [34mDEBUG[0m - __ASSET_JOB - 404fdaef-6ee3-40e0-91bb-0149d811a527 - 3813267 - raw_violations_monthly - ASSET_MATERIALIZATION - Materialized value raw_violations_monthly.
[32m2025-06-25 12:43:27 -0400[0m - dagster - [34mDEBUG[0m - __ASSET_JOB - 404fdaef-6ee3-40e0-91bb-0149d811a527 - 3813267 - raw_violations_monthly - HANDLED_OUTPUT - Handled output "result" using IO manager "io_manager"
[32m2025-06-25 12:43:27 -0400[0m - dagster - [34mDEBUG[0m - __ASSET_JOB - 404fdaef-6ee3-40e0-91bb-0149d811a527 - 3813267 - raw_violations_monthly - STEP_SUCCESS - Finished execution of step "raw_violations_monthly" in 304ms.
