[32m2025-06-25 12:43:26 -0400[0m - dagster - [34mDEBUG[0m - __ASSET_JOB - 404fdaef-6ee3-40e0-91bb-0149d811a527 - 3813266 - LOGS_CAPTURED - Started capturing logs in process (pid: 3813266).
[32m2025-06-25 12:43:26 -0400[0m - dagster - [34mDEBUG[0m - __ASSET_JOB - 404fdaef-6ee3-40e0-91bb-0149d811a527 - 3813266 - raw_violations_daily - STEP_START - Started execution of step "raw_violations_daily".
[32m2025-06-25 12:43:26 -0400[0m - dagster - [34mINFO[0m - __ASSET_JOB - 404fdaef-6ee3-40e0-91bb-0149d811a527 - raw_violations_daily - Starting search for missing daily file from 2025-04-25 up to 2025-05-25.
[32m2025-06-25 12:43:26 -0400[0m - dagster - [34mINFO[0m - __ASSET_JOB - 404fdaef-6ee3-40e0-91bb-0149d811a527 - raw_violations_daily - Found missing data for date: 04/25/2025. Proceeding with download for this day.
[32m2025-06-25 12:43:26 -0400[0m - dagster - [34mINFO[0m - __ASSET_JOB - 404fdaef-6ee3-40e0-91bb-0149d811a527 - raw_violations_daily - No NYC Open Data API key found/provided. Proceeding without.
[32m2025-06-25 12:43:26 -0400[0m - dagster - [34mINFO[0m - __ASSET_JOB - 404fdaef-6ee3-40e0-91bb-0149d811a527 - raw_violations_daily - Starting download of raw violations for date: 04/25/2025 (limit per request: 1000)...
[32m2025-06-25 12:43:27 -0400[0m - dagster - [34mINFO[0m - __ASSET_JOB - 404fdaef-6ee3-40e0-91bb-0149d811a527 - raw_violations_daily - Downloaded 1000 records. Total for 04/25/2025: 1000 so far...
[32m2025-06-25 12:43:29 -0400[0m - dagster - [34mINFO[0m - __ASSET_JOB - 404fdaef-6ee3-40e0-91bb-0149d811a527 - raw_violations_daily - Downloaded 1000 records. Total for 04/25/2025: 2000 so far...
[32m2025-06-25 12:43:31 -0400[0m - dagster - [34mINFO[0m - __ASSET_JOB - 404fdaef-6ee3-40e0-91bb-0149d811a527 - raw_violations_daily - Downloaded 1000 records. Total for 04/25/2025: 3000 so far...
[32m2025-06-25 12:43:33 -0400[0m - dagster - [34mINFO[0m - __ASSET_JOB - 404fdaef-6ee3-40e0-91bb-0149d811a527 - raw_violations_daily - Downloaded 1000 records. Total for 04/25/2025: 4000 so far...
[32m2025-06-25 12:43:34 -0400[0m - dagster - [34mINFO[0m - __ASSET_JOB - 404fdaef-6ee3-40e0-91bb-0149d811a527 - raw_violations_daily - Downloaded 1000 records. Total for 04/25/2025: 5000 so far...
[32m2025-06-25 12:43:36 -0400[0m - dagster - [34mINFO[0m - __ASSET_JOB - 404fdaef-6ee3-40e0-91bb-0149d811a527 - raw_violations_daily - Downloaded 1000 records. Total for 04/25/2025: 6000 so far...
[32m2025-06-25 12:43:37 -0400[0m - dagster - [34mINFO[0m - __ASSET_JOB - 404fdaef-6ee3-40e0-91bb-0149d811a527 - raw_violations_daily - Downloaded 1000 records. Total for 04/25/2025: 7000 so far...
[32m2025-06-25 12:43:38 -0400[0m - dagster - [34mINFO[0m - __ASSET_JOB - 404fdaef-6ee3-40e0-91bb-0149d811a527 - raw_violations_daily - Downloaded 1000 records. Total for 04/25/2025: 8000 so far...
[32m2025-06-25 12:43:40 -0400[0m - dagster - [34mINFO[0m - __ASSET_JOB - 404fdaef-6ee3-40e0-91bb-0149d811a527 - raw_violations_daily - Downloaded 1000 records. Total for 04/25/2025: 9000 so far...
[32m2025-06-25 12:43:41 -0400[0m - dagster - [34mINFO[0m - __ASSET_JOB - 404fdaef-6ee3-40e0-91bb-0149d811a527 - raw_violations_daily - Downloaded 1000 records. Total for 04/25/2025: 10000 so far...
[32m2025-06-25 12:43:43 -0400[0m - dagster - [34mINFO[0m - __ASSET_JOB - 404fdaef-6ee3-40e0-91bb-0149d811a527 - raw_violations_daily - Downloaded 1000 records. Total for 04/25/2025: 11000 so far...
[32m2025-06-25 12:43:44 -0400[0m - dagster - [34mINFO[0m - __ASSET_JOB - 404fdaef-6ee3-40e0-91bb-0149d811a527 - raw_violations_daily - Downloaded 1000 records. Total for 04/25/2025: 12000 so far...
[32m2025-06-25 12:43:45 -0400[0m - dagster - [34mINFO[0m - __ASSET_JOB - 404fdaef-6ee3-40e0-91bb-0149d811a527 - raw_violations_daily - Downloaded 1000 records. Total for 04/25/2025: 13000 so far...
[32m2025-06-25 12:43:47 -0400[0m - dagster - [34mINFO[0m - __ASSET_JOB - 404fdaef-6ee3-40e0-91bb-0149d811a527 - raw_violations_daily - Downloaded 1000 records. Total for 04/25/2025: 14000 so far...
[32m2025-06-25 12:43:48 -0400[0m - dagster - [34mINFO[0m - __ASSET_JOB - 404fdaef-6ee3-40e0-91bb-0149d811a527 - raw_violations_daily - Downloaded 1000 records. Total for 04/25/2025: 15000 so far...
[32m2025-06-25 12:43:49 -0400[0m - dagster - [34mINFO[0m - __ASSET_JOB - 404fdaef-6ee3-40e0-91bb-0149d811a527 - raw_violations_daily - Downloaded 1000 records. Total for 04/25/2025: 16000 so far...
[32m2025-06-25 12:43:51 -0400[0m - dagster - [34mINFO[0m - __ASSET_JOB - 404fdaef-6ee3-40e0-91bb-0149d811a527 - raw_violations_daily - Downloaded 1000 records. Total for 04/25/2025: 17000 so far...
[32m2025-06-25 12:43:52 -0400[0m - dagster - [34mINFO[0m - __ASSET_JOB - 404fdaef-6ee3-40e0-91bb-0149d811a527 - raw_violations_daily - Downloaded 1000 records. Total for 04/25/2025: 18000 so far...
[32m2025-06-25 12:43:54 -0400[0m - dagster - [34mINFO[0m - __ASSET_JOB - 404fdaef-6ee3-40e0-91bb-0149d811a527 - raw_violations_daily - Downloaded 1000 records. Total for 04/25/2025: 19000 so far...
[32m2025-06-25 12:43:56 -0400[0m - dagster - [34mINFO[0m - __ASSET_JOB - 404fdaef-6ee3-40e0-91bb-0149d811a527 - raw_violations_daily - Downloaded 1000 records. Total for 04/25/2025: 20000 so far...
[32m2025-06-25 12:43:57 -0400[0m - dagster - [34mINFO[0m - __ASSET_JOB - 404fdaef-6ee3-40e0-91bb-0149d811a527 - raw_violations_daily - Downloaded 1000 records. Total for 04/25/2025: 21000 so far...
[32m2025-06-25 12:43:59 -0400[0m - dagster - [34mINFO[0m - __ASSET_JOB - 404fdaef-6ee3-40e0-91bb-0149d811a527 - raw_violations_daily - Downloaded 1000 records. Total for 04/25/2025: 22000 so far...
[32m2025-06-25 12:44:00 -0400[0m - dagster - [34mINFO[0m - __ASSET_JOB - 404fdaef-6ee3-40e0-91bb-0149d811a527 - raw_violations_daily - Downloaded 1000 records. Total for 04/25/2025: 23000 so far...
[32m2025-06-25 12:44:02 -0400[0m - dagster - [34mINFO[0m - __ASSET_JOB - 404fdaef-6ee3-40e0-91bb-0149d811a527 - raw_violations_daily - Downloaded 1000 records. Total for 04/25/2025: 24000 so far...
[32m2025-06-25 12:44:03 -0400[0m - dagster - [34mINFO[0m - __ASSET_JOB - 404fdaef-6ee3-40e0-91bb-0149d811a527 - raw_violations_daily - Downloaded 1000 records. Total for 04/25/2025: 25000 so far...
[32m2025-06-25 12:44:04 -0400[0m - dagster - [34mINFO[0m - __ASSET_JOB - 404fdaef-6ee3-40e0-91bb-0149d811a527 - raw_violations_daily - Downloaded 1000 records. Total for 04/25/2025: 26000 so far...
[32m2025-06-25 12:44:06 -0400[0m - dagster - [34mINFO[0m - __ASSET_JOB - 404fdaef-6ee3-40e0-91bb-0149d811a527 - raw_violations_daily - Downloaded 1000 records. Total for 04/25/2025: 27000 so far...
[32m2025-06-25 12:44:07 -0400[0m - dagster - [34mINFO[0m - __ASSET_JOB - 404fdaef-6ee3-40e0-91bb-0149d811a527 - raw_violations_daily - Downloaded 1000 records. Total for 04/25/2025: 28000 so far...
[32m2025-06-25 12:44:09 -0400[0m - dagster - [34mINFO[0m - __ASSET_JOB - 404fdaef-6ee3-40e0-91bb-0149d811a527 - raw_violations_daily - Downloaded 1000 records. Total for 04/25/2025: 29000 so far...
[32m2025-06-25 12:44:11 -0400[0m - dagster - [34mINFO[0m - __ASSET_JOB - 404fdaef-6ee3-40e0-91bb-0149d811a527 - raw_violations_daily - Downloaded 1000 records. Total for 04/25/2025: 30000 so far...
[32m2025-06-25 12:44:12 -0400[0m - dagster - [34mINFO[0m - __ASSET_JOB - 404fdaef-6ee3-40e0-91bb-0149d811a527 - raw_violations_daily - Downloaded 1000 records. Total for 04/25/2025: 31000 so far...
[32m2025-06-25 12:44:14 -0400[0m - dagster - [34mINFO[0m - __ASSET_JOB - 404fdaef-6ee3-40e0-91bb-0149d811a527 - raw_violations_daily - Downloaded 1000 records. Total for 04/25/2025: 32000 so far...
[32m2025-06-25 12:44:15 -0400[0m - dagster - [34mINFO[0m - __ASSET_JOB - 404fdaef-6ee3-40e0-91bb-0149d811a527 - raw_violations_daily - Downloaded 1000 records. Total for 04/25/2025: 33000 so far...
[32m2025-06-25 12:44:17 -0400[0m - dagster - [34mINFO[0m - __ASSET_JOB - 404fdaef-6ee3-40e0-91bb-0149d811a527 - raw_violations_daily - Downloaded 1000 records. Total for 04/25/2025: 34000 so far...
[32m2025-06-25 12:44:18 -0400[0m - dagster - [34mINFO[0m - __ASSET_JOB - 404fdaef-6ee3-40e0-91bb-0149d811a527 - raw_violations_daily - Downloaded 1000 records. Total for 04/25/2025: 35000 so far...
[32m2025-06-25 12:44:20 -0400[0m - dagster - [34mINFO[0m - __ASSET_JOB - 404fdaef-6ee3-40e0-91bb-0149d811a527 - raw_violations_daily - Downloaded 1000 records. Total for 04/25/2025: 36000 so far...
[32m2025-06-25 12:44:21 -0400[0m - dagster - [34mINFO[0m - __ASSET_JOB - 404fdaef-6ee3-40e0-91bb-0149d811a527 - raw_violations_daily - Downloaded 1000 records. Total for 04/25/2025: 37000 so far...
[32m2025-06-25 12:44:23 -0400[0m - dagster - [34mINFO[0m - __ASSET_JOB - 404fdaef-6ee3-40e0-91bb-0149d811a527 - raw_violations_daily - Downloaded 1000 records. Total for 04/25/2025: 38000 so far...
[32m2025-06-25 12:44:24 -0400[0m - dagster - [34mINFO[0m - __ASSET_JOB - 404fdaef-6ee3-40e0-91bb-0149d811a527 - raw_violations_daily - Downloaded 1000 records. Total for 04/25/2025: 39000 so far...
[32m2025-06-25 12:44:26 -0400[0m - dagster - [34mINFO[0m - __ASSET_JOB - 404fdaef-6ee3-40e0-91bb-0149d811a527 - raw_violations_daily - Downloaded 1000 records. Total for 04/25/2025: 40000 so far...
[32m2025-06-25 12:44:28 -0400[0m - dagster - [34mINFO[0m - __ASSET_JOB - 404fdaef-6ee3-40e0-91bb-0149d811a527 - raw_violations_daily - Downloaded 1000 records. Total for 04/25/2025: 41000 so far...
[32m2025-06-25 12:44:29 -0400[0m - dagster - [34mINFO[0m - __ASSET_JOB - 404fdaef-6ee3-40e0-91bb-0149d811a527 - raw_violations_daily - Downloaded 1000 records. Total for 04/25/2025: 42000 so far...
[32m2025-06-25 12:44:31 -0400[0m - dagster - [34mINFO[0m - __ASSET_JOB - 404fdaef-6ee3-40e0-91bb-0149d811a527 - raw_violations_daily - Downloaded 1000 records. Total for 04/25/2025: 43000 so far...
[32m2025-06-25 12:44:32 -0400[0m - dagster - [34mINFO[0m - __ASSET_JOB - 404fdaef-6ee3-40e0-91bb-0149d811a527 - raw_violations_daily - Downloaded 1000 records. Total for 04/25/2025: 44000 so far...
[32m2025-06-25 12:44:34 -0400[0m - dagster - [34mINFO[0m - __ASSET_JOB - 404fdaef-6ee3-40e0-91bb-0149d811a527 - raw_violations_daily - Downloaded 1000 records. Total for 04/25/2025: 45000 so far...
[32m2025-06-25 12:44:35 -0400[0m - dagster - [34mINFO[0m - __ASSET_JOB - 404fdaef-6ee3-40e0-91bb-0149d811a527 - raw_violations_daily - Downloaded 1000 records. Total for 04/25/2025: 46000 so far...
[32m2025-06-25 12:44:37 -0400[0m - dagster - [34mINFO[0m - __ASSET_JOB - 404fdaef-6ee3-40e0-91bb-0149d811a527 - raw_violations_daily - Downloaded 1000 records. Total for 04/25/2025: 47000 so far...
[32m2025-06-25 12:44:38 -0400[0m - dagster - [34mINFO[0m - __ASSET_JOB - 404fdaef-6ee3-40e0-91bb-0149d811a527 - raw_violations_daily - Downloaded 1000 records. Total for 04/25/2025: 48000 so far...
[32m2025-06-25 12:44:40 -0400[0m - dagster - [34mINFO[0m - __ASSET_JOB - 404fdaef-6ee3-40e0-91bb-0149d811a527 - raw_violations_daily - Downloaded 1000 records. Total for 04/25/2025: 49000 so far...
[32m2025-06-25 12:44:41 -0400[0m - dagster - [34mINFO[0m - __ASSET_JOB - 404fdaef-6ee3-40e0-91bb-0149d811a527 - raw_violations_daily - Downloaded 1000 records. Total for 04/25/2025: 50000 so far...
[32m2025-06-25 12:44:43 -0400[0m - dagster - [34mINFO[0m - __ASSET_JOB - 404fdaef-6ee3-40e0-91bb-0149d811a527 - raw_violations_daily - Downloaded 1000 records. Total for 04/25/2025: 51000 so far...
[32m2025-06-25 12:44:45 -0400[0m - dagster - [34mINFO[0m - __ASSET_JOB - 404fdaef-6ee3-40e0-91bb-0149d811a527 - raw_violations_daily - Downloaded 1000 records. Total for 04/25/2025: 52000 so far...
[32m2025-06-25 12:44:46 -0400[0m - dagster - [34mINFO[0m - __ASSET_JOB - 404fdaef-6ee3-40e0-91bb-0149d811a527 - raw_violations_daily - Downloaded 1000 records. Total for 04/25/2025: 53000 so far...
[32m2025-06-25 12:44:48 -0400[0m - dagster - [34mINFO[0m - __ASSET_JOB - 404fdaef-6ee3-40e0-91bb-0149d811a527 - raw_violations_daily - Downloaded 1000 records. Total for 04/25/2025: 54000 so far...
[32m2025-06-25 12:44:49 -0400[0m - dagster - [34mINFO[0m - __ASSET_JOB - 404fdaef-6ee3-40e0-91bb-0149d811a527 - raw_violations_daily - Downloaded 1000 records. Total for 04/25/2025: 55000 so far...
[32m2025-06-25 12:44:52 -0400[0m - dagster - [34mINFO[0m - __ASSET_JOB - 404fdaef-6ee3-40e0-91bb-0149d811a527 - raw_violations_daily - Downloaded 1000 records. Total for 04/25/2025: 56000 so far...
[32m2025-06-25 12:44:53 -0400[0m - dagster - [34mINFO[0m - __ASSET_JOB - 404fdaef-6ee3-40e0-91bb-0149d811a527 - raw_violations_daily - Downloaded 451 records. Total for 04/25/2025: 56451 so far...
[32m2025-06-25 12:44:55 -0400[0m - dagster - [34mINFO[0m - __ASSET_JOB - 404fdaef-6ee3-40e0-91bb-0149d811a527 - raw_violations_daily - Finished downloading 56451 raw violations records for 04/25/2025.
/home/dominickryan/Documents/Code_projects/my_speed_camera_project/src/my_speed_camera_project/data_ingestion.py:157: SettingWithCopyWarning: 
A value is trying to be set on a copy of a slice from a DataFrame.
Try using .loc[row_indexer,col_indexer] = value instead

See the caveats in the documentation: https://pandas.pydata.org/pandas-docs/stable/user_guide/indexing.html#returning-a-view-versus-a-copy
  df_filtered[col] = df_filtered[col].astype(str)
/home/dominickryan/Documents/Code_projects/my_speed_camera_project/src/my_speed_camera_project/data_ingestion.py:157: SettingWithCopyWarning: 
A value is trying to be set on a copy of a slice from a DataFrame.
Try using .loc[row_indexer,col_indexer] = value instead

See the caveats in the documentation: https://pandas.pydata.org/pandas-docs/stable/user_guide/indexing.html#returning-a-view-versus-a-copy
  df_filtered[col] = df_filtered[col].astype(str)
/home/dominickryan/Documents/Code_projects/my_speed_camera_project/src/my_speed_camera_project/data_ingestion.py:157: SettingWithCopyWarning: 
A value is trying to be set on a copy of a slice from a DataFrame.
Try using .loc[row_indexer,col_indexer] = value instead

See the caveats in the documentation: https://pandas.pydata.org/pandas-docs/stable/user_guide/indexing.html#returning-a-view-versus-a-copy
  df_filtered[col] = df_filtered[col].astype(str)
/home/dominickryan/Documents/Code_projects/my_speed_camera_project/src/my_speed_camera_project/data_ingestion.py:157: SettingWithCopyWarning: 
A value is trying to be set on a copy of a slice from a DataFrame.
Try using .loc[row_indexer,col_indexer] = value instead

See the caveats in the documentation: https://pandas.pydata.org/pandas-docs/stable/user_guide/indexing.html#returning-a-view-versus-a-copy
  df_filtered[col] = df_filtered[col].astype(str)
/home/dominickryan/Documents/Code_projects/my_speed_camera_project/src/my_speed_camera_project/data_ingestion.py:157: SettingWithCopyWarning: 
A value is trying to be set on a copy of a slice from a DataFrame.
Try using .loc[row_indexer,col_indexer] = value instead

See the caveats in the documentation: https://pandas.pydata.org/pandas-docs/stable/user_guide/indexing.html#returning-a-view-versus-a-copy
  df_filtered[col] = df_filtered[col].astype(str)
/home/dominickryan/Documents/Code_projects/my_speed_camera_project/src/my_speed_camera_project/data_ingestion.py:157: SettingWithCopyWarning: 
A value is trying to be set on a copy of a slice from a DataFrame.
Try using .loc[row_indexer,col_indexer] = value instead

See the caveats in the documentation: https://pandas.pydata.org/pandas-docs/stable/user_guide/indexing.html#returning-a-view-versus-a-copy
  df_filtered[col] = df_filtered[col].astype(str)
/home/dominickryan/Documents/Code_projects/my_speed_camera_project/src/my_speed_camera_project/data_ingestion.py:157: SettingWithCopyWarning: 
A value is trying to be set on a copy of a slice from a DataFrame.
Try using .loc[row_indexer,col_indexer] = value instead

See the caveats in the documentation: https://pandas.pydata.org/pandas-docs/stable/user_guide/indexing.html#returning-a-view-versus-a-copy
  df_filtered[col] = df_filtered[col].astype(str)
/home/dominickryan/Documents/Code_projects/my_speed_camera_project/src/my_speed_camera_project/data_ingestion.py:157: SettingWithCopyWarning: 
A value is trying to be set on a copy of a slice from a DataFrame.
Try using .loc[row_indexer,col_indexer] = value instead

See the caveats in the documentation: https://pandas.pydata.org/pandas-docs/stable/user_guide/indexing.html#returning-a-view-versus-a-copy
  df_filtered[col] = df_filtered[col].astype(str)
/home/dominickryan/Documents/Code_projects/my_speed_camera_project/src/my_speed_camera_project/data_ingestion.py:157: SettingWithCopyWarning: 
A value is trying to be set on a copy of a slice from a DataFrame.
Try using .loc[row_indexer,col_indexer] = value instead

See the caveats in the documentation: https://pandas.pydata.org/pandas-docs/stable/user_guide/indexing.html#returning-a-view-versus-a-copy
  df_filtered[col] = df_filtered[col].astype(str)
/home/dominickryan/Documents/Code_projects/my_speed_camera_project/src/my_speed_camera_project/data_ingestion.py:157: SettingWithCopyWarning: 
A value is trying to be set on a copy of a slice from a DataFrame.
Try using .loc[row_indexer,col_indexer] = value instead

See the caveats in the documentation: https://pandas.pydata.org/pandas-docs/stable/user_guide/indexing.html#returning-a-view-versus-a-copy
  df_filtered[col] = df_filtered[col].astype(str)
/home/dominickryan/Documents/Code_projects/my_speed_camera_project/src/my_speed_camera_project/data_ingestion.py:157: SettingWithCopyWarning: 
A value is trying to be set on a copy of a slice from a DataFrame.
Try using .loc[row_indexer,col_indexer] = value instead

See the caveats in the documentation: https://pandas.pydata.org/pandas-docs/stable/user_guide/indexing.html#returning-a-view-versus-a-copy
  df_filtered[col] = df_filtered[col].astype(str)
/home/dominickryan/Documents/Code_projects/my_speed_camera_project/src/my_speed_camera_project/data_ingestion.py:157: SettingWithCopyWarning: 
A value is trying to be set on a copy of a slice from a DataFrame.
Try using .loc[row_indexer,col_indexer] = value instead

See the caveats in the documentation: https://pandas.pydata.org/pandas-docs/stable/user_guide/indexing.html#returning-a-view-versus-a-copy
  df_filtered[col] = df_filtered[col].astype(str)
/home/dominickryan/Documents/Code_projects/my_speed_camera_project/src/my_speed_camera_project/data_ingestion.py:157: SettingWithCopyWarning: 
A value is trying to be set on a copy of a slice from a DataFrame.
Try using .loc[row_indexer,col_indexer] = value instead

See the caveats in the documentation: https://pandas.pydata.org/pandas-docs/stable/user_guide/indexing.html#returning-a-view-versus-a-copy
  df_filtered[col] = df_filtered[col].astype(str)
/home/dominickryan/Documents/Code_projects/my_speed_camera_project/src/my_speed_camera_project/data_ingestion.py:157: SettingWithCopyWarning: 
A value is trying to be set on a copy of a slice from a DataFrame.
Try using .loc[row_indexer,col_indexer] = value instead

See the caveats in the documentation: https://pandas.pydata.org/pandas-docs/stable/user_guide/indexing.html#returning-a-view-versus-a-copy
  df_filtered[col] = df_filtered[col].astype(str)
/home/dominickryan/Documents/Code_projects/my_speed_camera_project/src/my_speed_camera_project/data_ingestion.py:157: SettingWithCopyWarning: 
A value is trying to be set on a copy of a slice from a DataFrame.
Try using .loc[row_indexer,col_indexer] = value instead

See the caveats in the documentation: https://pandas.pydata.org/pandas-docs/stable/user_guide/indexing.html#returning-a-view-versus-a-copy
  df_filtered[col] = df_filtered[col].astype(str)
/home/dominickryan/Documents/Code_projects/my_speed_camera_project/src/my_speed_camera_project/data_ingestion.py:157: SettingWithCopyWarning: 
A value is trying to be set on a copy of a slice from a DataFrame.
Try using .loc[row_indexer,col_indexer] = value instead

See the caveats in the documentation: https://pandas.pydata.org/pandas-docs/stable/user_guide/indexing.html#returning-a-view-versus-a-copy
  df_filtered[col] = df_filtered[col].astype(str)
/home/dominickryan/Documents/Code_projects/my_speed_camera_project/src/my_speed_camera_project/data_ingestion.py:157: SettingWithCopyWarning: 
A value is trying to be set on a copy of a slice from a DataFrame.
Try using .loc[row_indexer,col_indexer] = value instead

See the caveats in the documentation: https://pandas.pydata.org/pandas-docs/stable/user_guide/indexing.html#returning-a-view-versus-a-copy
  df_filtered[col] = df_filtered[col].astype(str)
[32m2025-06-25 12:44:55 -0400[0m - dagster - [34mINFO[0m - __ASSET_JOB - 404fdaef-6ee3-40e0-91bb-0149d811a527 - raw_violations_daily - Saving 56451 records for 04/25/2025 to data/raw_daily_violations/raw_violations_2025-04-25.parquet
[32m2025-06-25 12:44:55 -0400[0m - dagster - [34mINFO[0m - __ASSET_JOB - 404fdaef-6ee3-40e0-91bb-0149d811a527 - raw_violations_daily - Successfully saved data for 04/25/2025 to data/raw_daily_violations/raw_violations_2025-04-25.parquet
[32m2025-06-25 12:44:55 -0400[0m - dagster - [34mDEBUG[0m - __ASSET_JOB - 404fdaef-6ee3-40e0-91bb-0149d811a527 - 3813266 - raw_violations_daily - STEP_OUTPUT - Yielded output "result" of type "Nothing". (Type check passed).
[32m2025-06-25 12:44:55 -0400[0m - dagster - [34mDEBUG[0m - __ASSET_JOB - 404fdaef-6ee3-40e0-91bb-0149d811a527 - 3813266 - raw_violations_daily - ASSET_MATERIALIZATION - Materialized value raw_violations_daily.
[32m2025-06-25 12:44:55 -0400[0m - dagster - [34mDEBUG[0m - __ASSET_JOB - 404fdaef-6ee3-40e0-91bb-0149d811a527 - 3813266 - raw_violations_daily - STEP_SUCCESS - Finished execution of step "raw_violations_daily" in 1m28s.
